Parameters:
outputDir=logs
gBeam=50
globalLog=logs/global.log
ont=resources/geo.consts.ont:resources/geo.preds.ont
lexbeam=100
nplist=resources/np-list.lex
wordSkippingCost=-1.0
trainingMaxSentenceLength=50
seedlex=resources/seed.lex
types=resources/geo.types
gIter=20
Init :: AbstractCategoryServices:  restrictiveCompositionDirection=true
Init :: LogicalExpressionCategoryServices: doTypeChecking=true, validateLogExp=true
Created resources ruleComp of type rule.composition
Created resources ruleApp of type rule.application
Created resources shiftPP of type rule.shifting.pp
Created resources ruleSkipping of type rule.skipping
Created resources ruleRaiseComp of type rule.typeraise.composition.forward
Created resources ruleThatless of type rule.thatless
Created resources rulePluralExists of type rule.shift.pluralexists
Created resources parseFilter of type parsefilter.lambda.simple
Pre-chart pruning creates instability for gradient-based learners.
Init :: AbstractCKYParser: binary rules=[CKYBinaryParsingRule[>comp], CKYBinaryParsingRule[<comp], CKYBinaryParsingRule[>apply], CKYBinaryParsingRule[<apply], CKYBinaryParsingRule[>skip], CKYBinaryParsingRule[<skip], CKYBinaryParsingRule[>trcomp], CKYBinaryParsingRule[>thatless], CKYBinaryParsingRule[>plural_exists]]
Init :: AbstractCKYParser: unary rules=[CKYBinaryParsingRule[shift_pp]]
Created resources parser of type parser.cky.multi
Created resources uniform0Scorer of type scorer.uniform
Created resources skippingScorer of type scorer.lex.skipping
Created resources featLogexpCoordination of type feat.logexp.coordination
Created resources featLex of type feat.lex
Created resources featLexeme of type feat.lexeme
Created resources featLextemplate of type feat.lextemplate
Created resources featRules of type feat.rules.count
Created resources lexicon of type lexicon.factored
Init Model :: lexicalFeatures=[LexicalFeatureSet:
	{}, edu.uw.cs.lil.tiny.parser.ccg.factoredlex.features.LexicalTemplateFeatureSet@7fa3eaa8, edu.uw.cs.lil.tiny.parser.ccg.factoredlex.features.LexemeFeatureSet@6282fd0f]
.... Model :: parseFeatures=[edu.uw.cs.lil.tiny.parser.ccg.features.lambda.LogicalExpressionCoordinationFeatureSet@5b41650, edu.uw.cs.lil.tiny.parser.ccg.features.basic.RuleUsageFeatureSet@7224e11c]
.... Model :: lexiconClass=FactoredLexicon
Created resources model of type model
Created resources loggerModel of type logger.model
Created resources validator of type validator.labeled
Init TemplateSupervisedGenlex: #templates=155
Created resources genlex of type genlex.template.supervised
Created resources test of type data.single
Init Tester:  size(testData)=1
Created resources tester of type tester
Created resources learningFilter of type filter.sentence.length
Loading model (id=null) from: /home/sujay/context_aware_icorpp/spf/geoquery/experiments/template/dialog_writeable/rlg.model
